[debug] [2019-07-07T11:03:32.374Z] ----------------------------------------------------------------------
[debug] [2019-07-07T11:03:32.376Z] Command:       /Users/adolfo/.nvm/versions/node/v10.12.0/lib/node_modules/node/bin/node /Users/adolfo/.nvm/versions/node/v10.12.0/bin/firebase deploy
[debug] [2019-07-07T11:03:32.376Z] CLI Version:   6.4.0
[debug] [2019-07-07T11:03:32.376Z] Platform:      darwin
[debug] [2019-07-07T11:03:32.376Z] Node Version:  v10.7.0
[debug] [2019-07-07T11:03:32.377Z] Time:          Sun Jul 07 2019 13:03:32 GMT+0200 (GMT+02:00)
[debug] [2019-07-07T11:03:32.377Z] ----------------------------------------------------------------------
[debug] 
[debug] [2019-07-07T11:03:32.384Z] > command requires scopes: ["email","openid","https://www.googleapis.com/auth/cloudplatformprojects.readonly","https://www.googleapis.com/auth/firebase","https://www.googleapis.com/auth/cloud-platform"]
[debug] [2019-07-07T11:03:32.384Z] > authorizing via signed-in user
[debug] [2019-07-07T11:03:32.384Z] [iam] checking project mastermind-111c7 for permissions ["firebase.projects.get","firebasehosting.sites.update"]
[debug] [2019-07-07T11:03:32.386Z] > refreshing access token with scopes: ["email","https://www.googleapis.com/auth/cloud-platform","https://www.googleapis.com/auth/cloudplatformprojects.readonly","https://www.googleapis.com/auth/firebase","openid"]
[debug] [2019-07-07T11:03:32.386Z] >>> HTTP REQUEST POST https://www.googleapis.com/oauth2/v3/token  
 <request body omitted>
[debug] [2019-07-07T11:03:32.552Z] <<< HTTP RESPONSE 200
[debug] [2019-07-07T11:03:32.574Z] >>> HTTP REQUEST POST https://cloudresourcemanager.googleapis.com/v1/projects/mastermind-111c7:testIamPermissions  

[debug] [2019-07-07T11:03:33.525Z] <<< HTTP RESPONSE 200
[debug] [2019-07-07T11:03:33.527Z] >>> HTTP REQUEST GET https://firebase.googleapis.com/v1beta1/projects/mastermind-111c7  
 
[debug] [2019-07-07T11:03:33.830Z] <<< HTTP RESPONSE 200
[info] 
[info] === Deploying to 'mastermind-111c7'...
[info] 
[info] i  deploying hosting
[debug] [2019-07-07T11:03:33.835Z] >>> HTTP REQUEST POST https://firebasehosting.googleapis.com/v1beta1/sites/mastermind-111c7/versions  

